<testsuites id="" name="" tests="18" failures="0" skipped="0" errors="0" time="54.87172399999999">
<testsuite name="test-case-1.spec.ts" timestamp="2025-11-10T22:59:12.541Z" hostname="chromium" tests="2" failures="0" skipped="0" time="10.222" errors="0">
<testcase name="TC1: Verify no console errors on home page" classname="test-case-1.spec.ts" time="5.123">
<system-out>
<![CDATA[chromium: Navigating to https://pocketaces2.github.io/fashionhub/
chromium: ✅ Successfully navigated to https://pocketaces2.github.io/fashionhub/
chromium - Home page console errors: []

[[ATTACHMENT|../test-case-1-TC1-Verify-no-console-errors-on-home-page-chromium/test-finished-1.png]]
]]>
</system-out>
</testcase>
<testcase name="TC1: Verify about page has intentional error" classname="test-case-1.spec.ts" time="5.099">
<system-out>
<![CDATA[chromium: Navigating to https://pocketaces2.github.io/fashionhub/about.html
chromium: ✅ Successfully navigated to https://pocketaces2.github.io/fashionhub/about.html
chromium - About page console errors: [ [32m'This is an intentional error message!'[39m ]
chromium - Has intentional error: [33mtrue[39m

[[ATTACHMENT|../test-case-1-TC1-Verify-about-page-has-intentional-error-chromium/test-finished-1.png]]
]]>
</system-out>
</testcase>
</testsuite>
<testsuite name="test-case-2.spec.ts" timestamp="2025-11-10T22:59:12.541Z" hostname="chromium" tests="1" failures="0" skipped="0" time="5.288" errors="0">
<testcase name="TC2: Verify all links return valid status codes" classname="test-case-2.spec.ts" time="5.288">
<system-out>
<![CDATA[chromium: Navigating to https://pocketaces2.github.io/fashionhub/
chromium: ✅ Successfully navigated to https://pocketaces2.github.io/fashionhub/
chromium - Found 6 links on the page
chromium - ✓ https://pocketaces2.github.io/fashionhub/ - Status: 200 VALID
chromium - ✓ https://pocketaces2.github.io/fashionhub/account.html - Status: 200 VALID
chromium - ✓ https://pocketaces2.github.io/fashionhub/products.html - Status: 200 VALID
chromium - ✓ https://pocketaces2.github.io/fashionhub/cart.html - Status: 200 VALID
chromium - ✓ https://pocketaces2.github.io/fashionhub/about.html - Status: 200 VALID
chromium - ✓ https://pocketaces2.github.io/fashionhub/products.html - Status: 200 VALID

chromium - === LINK VALIDATION SUMMARY ===
chromium - Total links tested: 6
chromium - Valid links (2xx/3xx): 6
chromium - Invalid links (4xx/5xx): 0

[[ATTACHMENT|../test-case-2-TC2-Verify-all-links-return-valid-status-codes-chromium/test-finished-1.png]]
]]>
</system-out>
</testcase>
</testsuite>
<testsuite name="test-case-3.spec.ts" timestamp="2025-11-10T22:59:12.541Z" hostname="chromium" tests="2" failures="0" skipped="0" time="10.876" errors="0">
<testcase name="TC3: Verify login page accessibility and form elements" classname="test-case-3.spec.ts" time="3.57">
<system-out>
<![CDATA[chromium: Navigating to https://pocketaces2.github.io/fashionhub/login.html
chromium: ✅ Successfully navigated to https://pocketaces2.github.io/fashionhub/login.html
chromium - Login page URL: https://pocketaces2.github.io/fashionhub/login.html
chromium - Login page title: Home
chromium - Form elements: { username: [33mtrue[39m, password: [33mtrue[39m, loginButton: [33mtrue[39m }

[[ATTACHMENT|../test-case-3-TC3-Verify-log-9cde2-ssibility-and-form-elements-chromium/test-finished-1.png]]
]]>
</system-out>
</testcase>
<testcase name="TC3: Verify login functionality with demo credentials" classname="test-case-3.spec.ts" time="7.306">
<system-out>
<![CDATA[chromium: Navigating to https://pocketaces2.github.io/fashionhub/login.html
chromium: ✅ Successfully navigated to https://pocketaces2.github.io/fashionhub/login.html
chromium - After login URL: https://pocketaces2.github.io/fashionhub/account.html
chromium - Console logs during login: []
chromium - Login successful: [33mtrue[39m

[[ATTACHMENT|../test-case-3-TC3-Verify-log-9f290-ality-with-demo-credentials-chromium/test-finished-1.png]]
]]>
</system-out>
</testcase>
</testsuite>
<testsuite name="test-case-4.spec.ts" timestamp="2025-11-10T22:59:12.541Z" hostname="chromium" tests="1" failures="0" skipped="0" time="1.017" errors="0">
<testcase name="TC4: Generate CSV of open pull requests" classname="test-case-4.spec.ts" time="1.017">
<system-out>
<![CDATA[CSV generated at: /app/test-results/pull-requests.csv
Found 30 open pull requests
]]>
</system-out>
</testcase>
</testsuite>
<testsuite name="test-case-1.spec.ts" timestamp="2025-11-10T22:59:12.541Z" hostname="firefox" tests="2" failures="0" skipped="0" time="47.09" errors="0">
<testcase name="TC1: Verify no console errors on home page" classname="test-case-1.spec.ts" time="21.744">
<system-out>
<![CDATA[firefox: Navigating to https://pocketaces2.github.io/fashionhub/
firefox: ✅ Successfully navigated to https://pocketaces2.github.io/fashionhub/
firefox - Home page console errors: []

[[ATTACHMENT|../test-case-1-TC1-Verify-no-console-errors-on-home-page-firefox/test-finished-1.png]]
]]>
</system-out>
</testcase>
<testcase name="TC1: Verify about page has intentional error" classname="test-case-1.spec.ts" time="25.346">
<system-out>
<![CDATA[firefox: Navigating to https://pocketaces2.github.io/fashionhub/about.html
firefox: ✅ Successfully navigated to https://pocketaces2.github.io/fashionhub/about.html
firefox - About page console errors: [ [32m'This is an intentional error message!'[39m ]
firefox - Has intentional error: [33mtrue[39m

[[ATTACHMENT|../test-case-1-TC1-Verify-about-page-has-intentional-error-firefox/test-finished-1.png]]
]]>
</system-out>
</testcase>
</testsuite>
<testsuite name="test-case-2.spec.ts" timestamp="2025-11-10T22:59:12.541Z" hostname="firefox" tests="1" failures="0" skipped="0" time="28.02" errors="0">
<testcase name="TC2: Verify all links return valid status codes" classname="test-case-2.spec.ts" time="28.02">
<system-out>
<![CDATA[firefox: Navigating to https://pocketaces2.github.io/fashionhub/
firefox: ✅ Successfully navigated to https://pocketaces2.github.io/fashionhub/
firefox - Found 6 links on the page
firefox - ✓ https://pocketaces2.github.io/fashionhub/ - Status: 200 VALID
firefox - ✓ https://pocketaces2.github.io/fashionhub/account.html - Status: 200 VALID
firefox - ✓ https://pocketaces2.github.io/fashionhub/products.html - Status: 200 VALID
firefox - ✓ https://pocketaces2.github.io/fashionhub/cart.html - Status: 200 VALID
firefox - ✓ https://pocketaces2.github.io/fashionhub/about.html - Status: 200 VALID
firefox - ✓ https://pocketaces2.github.io/fashionhub/products.html - Status: 200 VALID

firefox - === LINK VALIDATION SUMMARY ===
firefox - Total links tested: 6
firefox - Valid links (2xx/3xx): 6
firefox - Invalid links (4xx/5xx): 0

[[ATTACHMENT|../test-case-2-TC2-Verify-all-links-return-valid-status-codes-firefox/test-finished-1.png]]
]]>
</system-out>
</testcase>
</testsuite>
<testsuite name="test-case-3.spec.ts" timestamp="2025-11-10T22:59:12.541Z" hostname="firefox" tests="2" failures="0" skipped="0" time="55.45" errors="0">
<testcase name="TC3: Verify login page accessibility and form elements" classname="test-case-3.spec.ts" time="22.659">
<system-out>
<![CDATA[firefox: Navigating to https://pocketaces2.github.io/fashionhub/login.html
firefox: ✅ Successfully navigated to https://pocketaces2.github.io/fashionhub/login.html
firefox - Login page URL: https://pocketaces2.github.io/fashionhub/login.html
firefox - Login page title: Home
firefox - Form elements: { username: [33mtrue[39m, password: [33mtrue[39m, loginButton: [33mtrue[39m }

[[ATTACHMENT|../test-case-3-TC3-Verify-log-9cde2-ssibility-and-form-elements-firefox/test-finished-1.png]]
]]>
</system-out>
</testcase>
<testcase name="TC3: Verify login functionality with demo credentials" classname="test-case-3.spec.ts" time="32.791">
<system-out>
<![CDATA[firefox: Navigating to https://pocketaces2.github.io/fashionhub/login.html
firefox: ✅ Successfully navigated to https://pocketaces2.github.io/fashionhub/login.html
firefox - After login URL: https://pocketaces2.github.io/fashionhub/account.html
firefox - Console logs during login: []
firefox - Login successful: [33mtrue[39m

[[ATTACHMENT|../test-case-3-TC3-Verify-log-9f290-ality-with-demo-credentials-firefox/test-finished-1.png]]
]]>
</system-out>
</testcase>
</testsuite>
<testsuite name="test-case-4.spec.ts" timestamp="2025-11-10T22:59:12.541Z" hostname="firefox" tests="1" failures="0" skipped="0" time="0.282" errors="0">
<testcase name="TC4: Generate CSV of open pull requests" classname="test-case-4.spec.ts" time="0.282">
<system-out>
<![CDATA[CSV generated at: /app/test-results/pull-requests.csv
Found 30 open pull requests
]]>
</system-out>
</testcase>
</testsuite>
<testsuite name="test-case-1.spec.ts" timestamp="2025-11-10T22:59:12.541Z" hostname="webkit" tests="2" failures="0" skipped="0" time="12.598" errors="0">
<testcase name="TC1: Verify no console errors on home page" classname="test-case-1.spec.ts" time="7.799">
<system-out>
<![CDATA[webkit: Navigating to https://pocketaces2.github.io/fashionhub/
webkit: ✅ Successfully navigated to https://pocketaces2.github.io/fashionhub/
webkit - Home page console errors: []

[[ATTACHMENT|../test-case-1-TC1-Verify-no-console-errors-on-home-page-webkit/test-finished-1.png]]
]]>
</system-out>
</testcase>
<testcase name="TC1: Verify about page has intentional error" classname="test-case-1.spec.ts" time="4.799">
<system-out>
<![CDATA[webkit: Navigating to https://pocketaces2.github.io/fashionhub/about.html
webkit: ✅ Successfully navigated to https://pocketaces2.github.io/fashionhub/about.html
webkit - About page console errors: [ [32m'This is an intentional error message!'[39m ]
webkit - Has intentional error: [33mtrue[39m

[[ATTACHMENT|../test-case-1-TC1-Verify-about-page-has-intentional-error-webkit/test-finished-1.png]]
]]>
</system-out>
</testcase>
</testsuite>
<testsuite name="test-case-2.spec.ts" timestamp="2025-11-10T22:59:12.541Z" hostname="webkit" tests="1" failures="0" skipped="0" time="2.402" errors="0">
<testcase name="TC2: Verify all links return valid status codes" classname="test-case-2.spec.ts" time="2.402">
<system-out>
<![CDATA[webkit: Navigating to https://pocketaces2.github.io/fashionhub/
webkit: ✅ Successfully navigated to https://pocketaces2.github.io/fashionhub/
webkit - Found 6 links on the page
webkit - ✓ https://pocketaces2.github.io/fashionhub/ - Status: 200 VALID
webkit - ✓ https://pocketaces2.github.io/fashionhub/account.html - Status: 200 VALID
webkit - ✓ https://pocketaces2.github.io/fashionhub/products.html - Status: 200 VALID
webkit - ✓ https://pocketaces2.github.io/fashionhub/cart.html - Status: 200 VALID
webkit - ✓ https://pocketaces2.github.io/fashionhub/about.html - Status: 200 VALID
webkit - ✓ https://pocketaces2.github.io/fashionhub/products.html - Status: 200 VALID

webkit - === LINK VALIDATION SUMMARY ===
webkit - Total links tested: 6
webkit - Valid links (2xx/3xx): 6
webkit - Invalid links (4xx/5xx): 0

[[ATTACHMENT|../test-case-2-TC2-Verify-all-links-return-valid-status-codes-webkit/test-finished-1.png]]
]]>
</system-out>
</testcase>
</testsuite>
<testsuite name="test-case-3.spec.ts" timestamp="2025-11-10T22:59:12.541Z" hostname="webkit" tests="2" failures="0" skipped="0" time="7.6" errors="0">
<testcase name="TC3: Verify login page accessibility and form elements" classname="test-case-3.spec.ts" time="2.439">
<system-out>
<![CDATA[webkit: Navigating to https://pocketaces2.github.io/fashionhub/login.html
webkit: ✅ Successfully navigated to https://pocketaces2.github.io/fashionhub/login.html
webkit - Login page URL: https://pocketaces2.github.io/fashionhub/login.html
webkit - Login page title: Home
webkit - Form elements: { username: [33mtrue[39m, password: [33mtrue[39m, loginButton: [33mtrue[39m }

[[ATTACHMENT|../test-case-3-TC3-Verify-log-9cde2-ssibility-and-form-elements-webkit/test-finished-1.png]]
]]>
</system-out>
</testcase>
<testcase name="TC3: Verify login functionality with demo credentials" classname="test-case-3.spec.ts" time="5.161">
<system-out>
<![CDATA[webkit: Navigating to https://pocketaces2.github.io/fashionhub/login.html
webkit: ✅ Successfully navigated to https://pocketaces2.github.io/fashionhub/login.html
webkit - After login URL: https://pocketaces2.github.io/fashionhub/account.html
webkit - Console logs during login: []
webkit - Login successful: [33mtrue[39m

[[ATTACHMENT|../test-case-3-TC3-Verify-log-9f290-ality-with-demo-credentials-webkit/test-finished-1.png]]
]]>
</system-out>
</testcase>
</testsuite>
<testsuite name="test-case-4.spec.ts" timestamp="2025-11-10T22:59:12.541Z" hostname="webkit" tests="1" failures="0" skipped="0" time="0.66" errors="0">
<testcase name="TC4: Generate CSV of open pull requests" classname="test-case-4.spec.ts" time="0.66">
<system-out>
<![CDATA[CSV generated at: /app/test-results/pull-requests.csv
Found 30 open pull requests
]]>
</system-out>
</testcase>
</testsuite>
</testsuites>