<testsuites id="" name="" tests="24" failures="0" skipped="0" errors="0" time="9.577147">
<testsuite name="test-case-1.spec.ts" timestamp="2025-11-09T00:17:36.611Z" hostname="chromium" tests="2" failures="0" skipped="0" time="1.139" errors="0">
<testcase name="Test Case 1: Console Error Validation › should have no console errors when visiting the homepage" classname="test-case-1.spec.ts" time="0.561">
</testcase>
<testcase name="Test Case 1: Console Error Validation › should check about page for intentional errors" classname="test-case-1.spec.ts" time="0.578">
</testcase>
</testsuite>
<testsuite name="test-case-2.spec.ts" timestamp="2025-11-09T00:17:36.611Z" hostname="chromium" tests="1" failures="0" skipped="0" time="0.715" errors="0">
<testcase name="Test Case 2: Link Status Code Validation › should verify all links return 200 or 30x status codes with no 40x errors" classname="test-case-2.spec.ts" time="0.715">
</testcase>
</testsuite>
<testsuite name="test-case-3.spec.ts" timestamp="2025-11-09T00:17:36.611Z" hostname="chromium" tests="3" failures="0" skipped="0" time="1.527" errors="0">
<testcase name="Test Case 3: Login Functionality › should login successfully with provided credentials demouser/fashion123" classname="test-case-3.spec.ts" time="0.543">
</testcase>
<testcase name="Test Case 3: Login Functionality › should handle navigation to login page from homepage" classname="test-case-3.spec.ts" time="0.56">
</testcase>
<testcase name="Test Case 3: Login Functionality › should handle invalid credentials appropriately" classname="test-case-3.spec.ts" time="0.424">
</testcase>
</testsuite>
<testsuite name="test-case-4.spec.ts" timestamp="2025-11-09T00:17:36.611Z" hostname="chromium" tests="2" failures="0" skipped="0" time="0.013" errors="0">
<testcase name="Test Case 4: GitHub Pull Requests Report › should generate CSV report of open pull requests with name, date and author" classname="test-case-4.spec.ts" time="0.007">
<system-out>
<![CDATA[Generating GitHub Pull Requests Report
🔗 Extracted from URL - Owner: appwrite, Repo: appwrite
📦 Fetching open pull requests for appwrite/appwrite...
✅ Found 2 open pull requests
📊 Generated CSV report with 2 pull requests
💾 CSV report saved to: D:\fashionhub-test-automation\results\pull-requests.csv
Generated report with 2 pull requests
]]>
</system-out>
</testcase>
<testcase name="Test Case 4: GitHub Pull Requests Report › should handle GitHub API errors gracefully" classname="test-case-4.spec.ts" time="0.006">
</testcase>
</testsuite>
<testsuite name="test-case-1.spec.ts" timestamp="2025-11-09T00:17:36.611Z" hostname="firefox" tests="2" failures="0" skipped="0" time="3.28" errors="0">
<testcase name="Test Case 1: Console Error Validation › should have no console errors when visiting the homepage" classname="test-case-1.spec.ts" time="1.572">
</testcase>
<testcase name="Test Case 1: Console Error Validation › should check about page for intentional errors" classname="test-case-1.spec.ts" time="1.708">
</testcase>
</testsuite>
<testsuite name="test-case-2.spec.ts" timestamp="2025-11-09T00:17:36.611Z" hostname="firefox" tests="1" failures="0" skipped="0" time="1.561" errors="0">
<testcase name="Test Case 2: Link Status Code Validation › should verify all links return 200 or 30x status codes with no 40x errors" classname="test-case-2.spec.ts" time="1.561">
</testcase>
</testsuite>
<testsuite name="test-case-3.spec.ts" timestamp="2025-11-09T00:17:36.611Z" hostname="firefox" tests="3" failures="0" skipped="0" time="4.939" errors="0">
<testcase name="Test Case 3: Login Functionality › should login successfully with provided credentials demouser/fashion123" classname="test-case-3.spec.ts" time="1.279">
</testcase>
<testcase name="Test Case 3: Login Functionality › should handle navigation to login page from homepage" classname="test-case-3.spec.ts" time="1.724">
</testcase>
<testcase name="Test Case 3: Login Functionality › should handle invalid credentials appropriately" classname="test-case-3.spec.ts" time="1.936">
</testcase>
</testsuite>
<testsuite name="test-case-4.spec.ts" timestamp="2025-11-09T00:17:36.611Z" hostname="firefox" tests="2" failures="0" skipped="0" time="0.01" errors="0">
<testcase name="Test Case 4: GitHub Pull Requests Report › should generate CSV report of open pull requests with name, date and author" classname="test-case-4.spec.ts" time="0.006">
<system-out>
<![CDATA[Generating GitHub Pull Requests Report
🔗 Extracted from URL - Owner: appwrite, Repo: appwrite
📦 Fetching open pull requests for appwrite/appwrite...
✅ Found 2 open pull requests
📊 Generated CSV report with 2 pull requests
💾 CSV report saved to: D:\fashionhub-test-automation\results\pull-requests.csv
Generated report with 2 pull requests
]]>
</system-out>
</testcase>
<testcase name="Test Case 4: GitHub Pull Requests Report › should handle GitHub API errors gracefully" classname="test-case-4.spec.ts" time="0.004">
</testcase>
</testsuite>
<testsuite name="test-case-1.spec.ts" timestamp="2025-11-09T00:17:36.611Z" hostname="webkit" tests="2" failures="0" skipped="0" time="1.408" errors="0">
<testcase name="Test Case 1: Console Error Validation › should have no console errors when visiting the homepage" classname="test-case-1.spec.ts" time="0.685">
</testcase>
<testcase name="Test Case 1: Console Error Validation › should check about page for intentional errors" classname="test-case-1.spec.ts" time="0.723">
</testcase>
</testsuite>
<testsuite name="test-case-2.spec.ts" timestamp="2025-11-09T00:17:36.611Z" hostname="webkit" tests="1" failures="0" skipped="0" time="0.719" errors="0">
<testcase name="Test Case 2: Link Status Code Validation › should verify all links return 200 or 30x status codes with no 40x errors" classname="test-case-2.spec.ts" time="0.719">
</testcase>
</testsuite>
<testsuite name="test-case-3.spec.ts" timestamp="2025-11-09T00:17:36.611Z" hostname="webkit" tests="3" failures="0" skipped="0" time="1.707" errors="0">
<testcase name="Test Case 3: Login Functionality › should login successfully with provided credentials demouser/fashion123" classname="test-case-3.spec.ts" time="0.52">
</testcase>
<testcase name="Test Case 3: Login Functionality › should handle navigation to login page from homepage" classname="test-case-3.spec.ts" time="0.489">
</testcase>
<testcase name="Test Case 3: Login Functionality › should handle invalid credentials appropriately" classname="test-case-3.spec.ts" time="0.698">
</testcase>
</testsuite>
<testsuite name="test-case-4.spec.ts" timestamp="2025-11-09T00:17:36.611Z" hostname="webkit" tests="2" failures="0" skipped="0" time="0.013" errors="0">
<testcase name="Test Case 4: GitHub Pull Requests Report › should generate CSV report of open pull requests with name, date and author" classname="test-case-4.spec.ts" time="0.009">
<system-out>
<![CDATA[Generating GitHub Pull Requests Report
🔗 Extracted from URL - Owner: appwrite, Repo: appwrite
📦 Fetching open pull requests for appwrite/appwrite...
✅ Found 2 open pull requests
📊 Generated CSV report with 2 pull requests
💾 CSV report saved to: D:\fashionhub-test-automation\results\pull-requests.csv
Generated report with 2 pull requests
]]>
</system-out>
</testcase>
<testcase name="Test Case 4: GitHub Pull Requests Report › should handle GitHub API errors gracefully" classname="test-case-4.spec.ts" time="0.004">
</testcase>
</testsuite>
</testsuites>